<?xml version="1.0" encoding="UTF-8"?>
<!-- Generated by org.testng.reporters.JUnitReportReporter -->
<testsuite hostname="intel-PC" name="com.jagrati.testng.LoginTest" tests="1" failures="0" timestamp="14 May 2020 07:17:35 GMT" time="27.765" errors="0">
  <testcase name="gmailLogin" time="27.765" classname="com.jagrati.testng.LoginTest"/>
</testsuite> <!-- com.jagrati.testng.LoginTest -->
